CRITICAL - 2023-08-04 09:28:34 --> Invalid file: "frontend/index.php"
in SYSTEMPATH\Exceptions\FrameworkException.php on line 33.
 1 SYSTEMPATH\View\View.php(212): CodeIgniter\Exceptions\FrameworkException::forInvalidFile('frontend/index.php')
 2 SYSTEMPATH\Common.php(1176): CodeIgniter\View\View->render('frontend/index', [], true)
 3 APPPATH\Controllers\Home.php(146): view('frontend/index', [...])
 4 SYSTEMPATH\CodeIgniter.php(932): App\Controllers\Home->index()
 5 SYSTEMPATH\CodeIgniter.php(497): CodeIgniter\CodeIgniter->runController(Object(App\Controllers\Home))
 6 SYSTEMPATH\CodeIgniter.php(366): CodeIgniter\CodeIgniter->handleRequest(null, Object(Config\Cache), false)
 7 FCPATH\index.php(67): CodeIgniter\CodeIgniter->run()
 8 SYSTEMPATH\Commands\Server\rewrite.php(47): require_once('C:\\xampp\\htdocs\\prokopim_berau2\\public\\index.php')
INFO - 2023-08-04 09:31:22 --> Session: Class initialized using 'CodeIgniter\Session\Handlers\FileHandler' driver.
INFO - 2023-08-04 09:32:12 --> Session: Class initialized using 'CodeIgniter\Session\Handlers\FileHandler' driver.
INFO - 2023-08-04 09:32:18 --> Session: Class initialized using 'CodeIgniter\Session\Handlers\FileHandler' driver.
CRITICAL - 2023-08-04 09:32:18 --> "checkLogin" is not a valid rule.
in SYSTEMPATH\Validation\Validation.php on line 286.
 1 SYSTEMPATH\Validation\Validation.php(286): CodeIgniter\Validation\Exceptions\ValidationException::forRuleNotFound('checkLogin')
 2 SYSTEMPATH\Validation\Validation.php(182): CodeIgniter\Validation\Validation->processRules('password', 'password', 'nimda', [...], [...])
 3 SYSTEMPATH\Controller.php(141): CodeIgniter\Validation\Validation->run()
 4 APPPATH\Controllers\Auth.php(42): CodeIgniter\Controller->validate([...], [...])
 5 SYSTEMPATH\CodeIgniter.php(932): App\Controllers\Auth->check_login()
 6 SYSTEMPATH\CodeIgniter.php(497): CodeIgniter\CodeIgniter->runController(Object(App\Controllers\Auth))
 7 SYSTEMPATH\CodeIgniter.php(366): CodeIgniter\CodeIgniter->handleRequest(null, Object(Config\Cache), false)
 8 FCPATH\index.php(67): CodeIgniter\CodeIgniter->run()
 9 SYSTEMPATH\Commands\Server\rewrite.php(47): require_once('C:\\xampp\\htdocs\\prokopim_berau2\\public\\index.php')
INFO - 2023-08-04 09:32:24 --> Session: Class initialized using 'CodeIgniter\Session\Handlers\FileHandler' driver.
INFO - 2023-08-04 09:32:45 --> Session: Class initialized using 'CodeIgniter\Session\Handlers\FileHandler' driver.
INFO - 2023-08-04 09:32:49 --> Session: Class initialized using 'CodeIgniter\Session\Handlers\FileHandler' driver.
INFO - 2023-08-04 09:32:49 --> Session: Class initialized using 'CodeIgniter\Session\Handlers\FileHandler' driver.
CRITICAL - 2023-08-04 09:32:49 --> Trying to get property 'sekretariat_judul' of non-object
in APPPATH\Views\frontend\sekretariat.php on line 23.
 1 APPPATH\Views\frontend\sekretariat.php(23): CodeIgniter\Debug\Exceptions->errorHandler(8, 'Trying to get property \'sekretariat_judul\' of non-object', 'C:\\xampp\\htdocs\\prokopim_berau2\\app\\Views\\frontend\\sekretariat.php', 23, [...])
 2 SYSTEMPATH\View\View.php(224): include('C:\\xampp\\htdocs\\prokopim_berau2\\app\\Views\\frontend\\sekretariat.php')
 3 SYSTEMPATH\View\View.php(227): CodeIgniter\View\View->CodeIgniter\View\{closure}()
 4 SYSTEMPATH\Common.php(1176): CodeIgniter\View\View->render('frontend/sekretariat', [], true)
 5 APPPATH\Controllers\Sekretariat.php(94): view('frontend/sekretariat', [...])
 6 SYSTEMPATH\CodeIgniter.php(932): App\Controllers\Sekretariat->index('upload', 'news-posts', 'listw3.jpg')
 7 SYSTEMPATH\CodeIgniter.php(497): CodeIgniter\CodeIgniter->runController(Object(App\Controllers\Sekretariat))
 8 SYSTEMPATH\CodeIgniter.php(366): CodeIgniter\CodeIgniter->handleRequest(null, Object(Config\Cache), false)
 9 FCPATH\index.php(67): CodeIgniter\CodeIgniter->run()
10 SYSTEMPATH\Commands\Server\rewrite.php(47): require_once('C:\\xampp\\htdocs\\prokopim_berau2\\public\\index.php')
INFO - 2023-08-04 09:32:50 --> Session: Class initialized using 'CodeIgniter\Session\Handlers\FileHandler' driver.
CRITICAL - 2023-08-04 09:32:50 --> Trying to get property 'sekretariat_judul' of non-object
in APPPATH\Views\frontend\sekretariat.php on line 23.
 1 APPPATH\Views\frontend\sekretariat.php(23): CodeIgniter\Debug\Exceptions->errorHandler(8, 'Trying to get property \'sekretariat_judul\' of non-object', 'C:\\xampp\\htdocs\\prokopim_berau2\\app\\Views\\frontend\\sekretariat.php', 23, [...])
 2 SYSTEMPATH\View\View.php(224): include('C:\\xampp\\htdocs\\prokopim_berau2\\app\\Views\\frontend\\sekretariat.php')
 3 SYSTEMPATH\View\View.php(227): CodeIgniter\View\View->CodeIgniter\View\{closure}()
 4 SYSTEMPATH\Common.php(1176): CodeIgniter\View\View->render('frontend/sekretariat', [], true)
 5 APPPATH\Controllers\Sekretariat.php(94): view('frontend/sekretariat', [...])
 6 SYSTEMPATH\CodeIgniter.php(932): App\Controllers\Sekretariat->index('upload', 'news-posts', 'listw1.jpg')
 7 SYSTEMPATH\CodeIgniter.php(497): CodeIgniter\CodeIgniter->runController(Object(App\Controllers\Sekretariat))
 8 SYSTEMPATH\CodeIgniter.php(366): CodeIgniter\CodeIgniter->handleRequest(null, Object(Config\Cache), false)
 9 FCPATH\index.php(67): CodeIgniter\CodeIgniter->run()
10 SYSTEMPATH\Commands\Server\rewrite.php(47): require_once('C:\\xampp\\htdocs\\prokopim_berau2\\public\\index.php')
INFO - 2023-08-04 09:32:50 --> Session: Class initialized using 'CodeIgniter\Session\Handlers\FileHandler' driver.
CRITICAL - 2023-08-04 09:32:50 --> Trying to get property 'sekretariat_judul' of non-object
in APPPATH\Views\frontend\sekretariat.php on line 23.
 1 APPPATH\Views\frontend\sekretariat.php(23): CodeIgniter\Debug\Exceptions->errorHandler(8, 'Trying to get property \'sekretariat_judul\' of non-object', 'C:\\xampp\\htdocs\\prokopim_berau2\\app\\Views\\frontend\\sekretariat.php', 23, [...])
 2 SYSTEMPATH\View\View.php(224): include('C:\\xampp\\htdocs\\prokopim_berau2\\app\\Views\\frontend\\sekretariat.php')
 3 SYSTEMPATH\View\View.php(227): CodeIgniter\View\View->CodeIgniter\View\{closure}()
 4 SYSTEMPATH\Common.php(1176): CodeIgniter\View\View->render('frontend/sekretariat', [], true)
 5 APPPATH\Controllers\Sekretariat.php(94): view('frontend/sekretariat', [...])
 6 SYSTEMPATH\CodeIgniter.php(932): App\Controllers\Sekretariat->index('upload', 'news-posts', 'listw2.jpg')
 7 SYSTEMPATH\CodeIgniter.php(497): CodeIgniter\CodeIgniter->runController(Object(App\Controllers\Sekretariat))
 8 SYSTEMPATH\CodeIgniter.php(366): CodeIgniter\CodeIgniter->handleRequest(null, Object(Config\Cache), false)
 9 FCPATH\index.php(67): CodeIgniter\CodeIgniter->run()
10 SYSTEMPATH\Commands\Server\rewrite.php(47): require_once('C:\\xampp\\htdocs\\prokopim_berau2\\public\\index.php')
INFO - 2023-08-04 09:32:50 --> Session: Class initialized using 'CodeIgniter\Session\Handlers\FileHandler' driver.
CRITICAL - 2023-08-04 09:32:50 --> Trying to get property 'sekretariat_judul' of non-object
in APPPATH\Views\frontend\sekretariat.php on line 23.
 1 APPPATH\Views\frontend\sekretariat.php(23): CodeIgniter\Debug\Exceptions->errorHandler(8, 'Trying to get property \'sekretariat_judul\' of non-object', 'C:\\xampp\\htdocs\\prokopim_berau2\\app\\Views\\frontend\\sekretariat.php', 23, [...])
 2 SYSTEMPATH\View\View.php(224): include('C:\\xampp\\htdocs\\prokopim_berau2\\app\\Views\\frontend\\sekretariat.php')
 3 SYSTEMPATH\View\View.php(227): CodeIgniter\View\View->CodeIgniter\View\{closure}()
 4 SYSTEMPATH\Common.php(1176): CodeIgniter\View\View->render('frontend/sekretariat', [], true)
 5 APPPATH\Controllers\Sekretariat.php(94): view('frontend/sekretariat', [...])
 6 SYSTEMPATH\CodeIgniter.php(932): App\Controllers\Sekretariat->index('upload', 'news-posts', 'listw4.jpg')
 7 SYSTEMPATH\CodeIgniter.php(497): CodeIgniter\CodeIgniter->runController(Object(App\Controllers\Sekretariat))
 8 SYSTEMPATH\CodeIgniter.php(366): CodeIgniter\CodeIgniter->handleRequest(null, Object(Config\Cache), false)
 9 FCPATH\index.php(67): CodeIgniter\CodeIgniter->run()
10 SYSTEMPATH\Commands\Server\rewrite.php(47): require_once('C:\\xampp\\htdocs\\prokopim_berau2\\public\\index.php')
INFO - 2023-08-04 09:32:50 --> Session: Class initialized using 'CodeIgniter\Session\Handlers\FileHandler' driver.
CRITICAL - 2023-08-04 09:32:50 --> Trying to get property 'sekretariat_judul' of non-object
in APPPATH\Views\frontend\sekretariat.php on line 23.
 1 APPPATH\Views\frontend\sekretariat.php(23): CodeIgniter\Debug\Exceptions->errorHandler(8, 'Trying to get property \'sekretariat_judul\' of non-object', 'C:\\xampp\\htdocs\\prokopim_berau2\\app\\Views\\frontend\\sekretariat.php', 23, [...])
 2 SYSTEMPATH\View\View.php(224): include('C:\\xampp\\htdocs\\prokopim_berau2\\app\\Views\\frontend\\sekretariat.php')
 3 SYSTEMPATH\View\View.php(227): CodeIgniter\View\View->CodeIgniter\View\{closure}()
 4 SYSTEMPATH\Common.php(1176): CodeIgniter\View\View->render('frontend/sekretariat', [], true)
 5 APPPATH\Controllers\Sekretariat.php(94): view('frontend/sekretariat', [...])
 6 SYSTEMPATH\CodeIgniter.php(932): App\Controllers\Sekretariat->index('upload', 'news-posts', 'listw5.jpg')
 7 SYSTEMPATH\CodeIgniter.php(497): CodeIgniter\CodeIgniter->runController(Object(App\Controllers\Sekretariat))
 8 SYSTEMPATH\CodeIgniter.php(366): CodeIgniter\CodeIgniter->handleRequest(null, Object(Config\Cache), false)
 9 FCPATH\index.php(67): CodeIgniter\CodeIgniter->run()
10 SYSTEMPATH\Commands\Server\rewrite.php(47): require_once('C:\\xampp\\htdocs\\prokopim_berau2\\public\\index.php')
INFO - 2023-08-04 09:32:50 --> Session: Class initialized using 'CodeIgniter\Session\Handlers\FileHandler' driver.
CRITICAL - 2023-08-04 09:32:50 --> Trying to get property 'sekretariat_judul' of non-object
in APPPATH\Views\frontend\sekretariat.php on line 23.
 1 APPPATH\Views\frontend\sekretariat.php(23): CodeIgniter\Debug\Exceptions->errorHandler(8, 'Trying to get property \'sekretariat_judul\' of non-object', 'C:\\xampp\\htdocs\\prokopim_berau2\\app\\Views\\frontend\\sekretariat.php', 23, [...])
 2 SYSTEMPATH\View\View.php(224): include('C:\\xampp\\htdocs\\prokopim_berau2\\app\\Views\\frontend\\sekretariat.php')
 3 SYSTEMPATH\View\View.php(227): CodeIgniter\View\View->CodeIgniter\View\{closure}()
 4 SYSTEMPATH\Common.php(1176): CodeIgniter\View\View->render('frontend/sekretariat', [], true)
 5 APPPATH\Controllers\Sekretariat.php(94): view('frontend/sekretariat', [...])
 6 SYSTEMPATH\CodeIgniter.php(932): App\Controllers\Sekretariat->index('upload', 'news-posts', 'listw3@2x.jpg')
 7 SYSTEMPATH\CodeIgniter.php(497): CodeIgniter\CodeIgniter->runController(Object(App\Controllers\Sekretariat))
 8 SYSTEMPATH\CodeIgniter.php(366): CodeIgniter\CodeIgniter->handleRequest(null, Object(Config\Cache), false)
 9 FCPATH\index.php(67): CodeIgniter\CodeIgniter->run()
10 SYSTEMPATH\Commands\Server\rewrite.php(47): require_once('C:\\xampp\\htdocs\\prokopim_berau2\\public\\index.php')
INFO - 2023-08-04 09:32:51 --> Session: Class initialized using 'CodeIgniter\Session\Handlers\FileHandler' driver.
CRITICAL - 2023-08-04 09:32:51 --> Trying to get property 'sekretariat_judul' of non-object
in APPPATH\Views\frontend\sekretariat.php on line 23.
 1 APPPATH\Views\frontend\sekretariat.php(23): CodeIgniter\Debug\Exceptions->errorHandler(8, 'Trying to get property \'sekretariat_judul\' of non-object', 'C:\\xampp\\htdocs\\prokopim_berau2\\app\\Views\\frontend\\sekretariat.php', 23, [...])
 2 SYSTEMPATH\View\View.php(224): include('C:\\xampp\\htdocs\\prokopim_berau2\\app\\Views\\frontend\\sekretariat.php')
 3 SYSTEMPATH\View\View.php(227): CodeIgniter\View\View->CodeIgniter\View\{closure}()
 4 SYSTEMPATH\Common.php(1176): CodeIgniter\View\View->render('frontend/sekretariat', [], true)
 5 APPPATH\Controllers\Sekretariat.php(94): view('frontend/sekretariat', [...])
 6 SYSTEMPATH\CodeIgniter.php(932): App\Controllers\Sekretariat->index('upload', 'news-posts', 'listw4@2x.jpg')
 7 SYSTEMPATH\CodeIgniter.php(497): CodeIgniter\CodeIgniter->runController(Object(App\Controllers\Sekretariat))
 8 SYSTEMPATH\CodeIgniter.php(366): CodeIgniter\CodeIgniter->handleRequest(null, Object(Config\Cache), false)
 9 FCPATH\index.php(67): CodeIgniter\CodeIgniter->run()
10 SYSTEMPATH\Commands\Server\rewrite.php(47): require_once('C:\\xampp\\htdocs\\prokopim_berau2\\public\\index.php')
INFO - 2023-08-04 09:32:51 --> Session: Class initialized using 'CodeIgniter\Session\Handlers\FileHandler' driver.
CRITICAL - 2023-08-04 09:32:51 --> Trying to get property 'sekretariat_judul' of non-object
in APPPATH\Views\frontend\sekretariat.php on line 23.
 1 APPPATH\Views\frontend\sekretariat.php(23): CodeIgniter\Debug\Exceptions->errorHandler(8, 'Trying to get property \'sekretariat_judul\' of non-object', 'C:\\xampp\\htdocs\\prokopim_berau2\\app\\Views\\frontend\\sekretariat.php', 23, [...])
 2 SYSTEMPATH\View\View.php(224): include('C:\\xampp\\htdocs\\prokopim_berau2\\app\\Views\\frontend\\sekretariat.php')
 3 SYSTEMPATH\View\View.php(227): CodeIgniter\View\View->CodeIgniter\View\{closure}()
 4 SYSTEMPATH\Common.php(1176): CodeIgniter\View\View->render('frontend/sekretariat', [], true)
 5 APPPATH\Controllers\Sekretariat.php(94): view('frontend/sekretariat', [...])
 6 SYSTEMPATH\CodeIgniter.php(932): App\Controllers\Sekretariat->index('upload', 'news-posts', 'listw5@2x.jpg')
 7 SYSTEMPATH\CodeIgniter.php(497): CodeIgniter\CodeIgniter->runController(Object(App\Controllers\Sekretariat))
 8 SYSTEMPATH\CodeIgniter.php(366): CodeIgniter\CodeIgniter->handleRequest(null, Object(Config\Cache), false)
 9 FCPATH\index.php(67): CodeIgniter\CodeIgniter->run()
10 SYSTEMPATH\Commands\Server\rewrite.php(47): require_once('C:\\xampp\\htdocs\\prokopim_berau2\\public\\index.php')
INFO - 2023-08-04 09:32:51 --> Session: Class initialized using 'CodeIgniter\Session\Handlers\FileHandler' driver.
CRITICAL - 2023-08-04 09:32:51 --> Trying to get property 'sekretariat_judul' of non-object
in APPPATH\Views\frontend\sekretariat.php on line 23.
 1 APPPATH\Views\frontend\sekretariat.php(23): CodeIgniter\Debug\Exceptions->errorHandler(8, 'Trying to get property \'sekretariat_judul\' of non-object', 'C:\\xampp\\htdocs\\prokopim_berau2\\app\\Views\\frontend\\sekretariat.php', 23, [...])
 2 SYSTEMPATH\View\View.php(224): include('C:\\xampp\\htdocs\\prokopim_berau2\\app\\Views\\frontend\\sekretariat.php')
 3 SYSTEMPATH\View\View.php(227): CodeIgniter\View\View->CodeIgniter\View\{closure}()
 4 SYSTEMPATH\Common.php(1176): CodeIgniter\View\View->render('frontend/sekretariat', [], true)
 5 APPPATH\Controllers\Sekretariat.php(94): view('frontend/sekretariat', [...])
 6 SYSTEMPATH\CodeIgniter.php(932): App\Controllers\Sekretariat->index('upload', 'news-posts', 'listw1@2x.jpg')
 7 SYSTEMPATH\CodeIgniter.php(497): CodeIgniter\CodeIgniter->runController(Object(App\Controllers\Sekretariat))
 8 SYSTEMPATH\CodeIgniter.php(366): CodeIgniter\CodeIgniter->handleRequest(null, Object(Config\Cache), false)
 9 FCPATH\index.php(67): CodeIgniter\CodeIgniter->run()
10 SYSTEMPATH\Commands\Server\rewrite.php(47): require_once('C:\\xampp\\htdocs\\prokopim_berau2\\public\\index.php')
INFO - 2023-08-04 09:32:51 --> Session: Class initialized using 'CodeIgniter\Session\Handlers\FileHandler' driver.
CRITICAL - 2023-08-04 09:32:51 --> Trying to get property 'sekretariat_judul' of non-object
in APPPATH\Views\frontend\sekretariat.php on line 23.
 1 APPPATH\Views\frontend\sekretariat.php(23): CodeIgniter\Debug\Exceptions->errorHandler(8, 'Trying to get property \'sekretariat_judul\' of non-object', 'C:\\xampp\\htdocs\\prokopim_berau2\\app\\Views\\frontend\\sekretariat.php', 23, [...])
 2 SYSTEMPATH\View\View.php(224): include('C:\\xampp\\htdocs\\prokopim_berau2\\app\\Views\\frontend\\sekretariat.php')
 3 SYSTEMPATH\View\View.php(227): CodeIgniter\View\View->CodeIgniter\View\{closure}()
 4 SYSTEMPATH\Common.php(1176): CodeIgniter\View\View->render('frontend/sekretariat', [], true)
 5 APPPATH\Controllers\Sekretariat.php(94): view('frontend/sekretariat', [...])
 6 SYSTEMPATH\CodeIgniter.php(932): App\Controllers\Sekretariat->index('upload', 'news-posts', 'listw2@2x.jpg')
 7 SYSTEMPATH\CodeIgniter.php(497): CodeIgniter\CodeIgniter->runController(Object(App\Controllers\Sekretariat))
 8 SYSTEMPATH\CodeIgniter.php(366): CodeIgniter\CodeIgniter->handleRequest(null, Object(Config\Cache), false)
 9 FCPATH\index.php(67): CodeIgniter\CodeIgniter->run()
10 SYSTEMPATH\Commands\Server\rewrite.php(47): require_once('C:\\xampp\\htdocs\\prokopim_berau2\\public\\index.php')
INFO - 2023-08-04 09:35:13 --> Session: Class initialized using 'CodeIgniter\Session\Handlers\FileHandler' driver.
INFO - 2023-08-04 09:35:16 --> Session: Class initialized using 'CodeIgniter\Session\Handlers\FileHandler' driver.
INFO - 2023-08-04 09:35:16 --> Session: Class initialized using 'CodeIgniter\Session\Handlers\FileHandler' driver.
INFO - 2023-08-04 09:35:22 --> Session: Class initialized using 'CodeIgniter\Session\Handlers\FileHandler' driver.
