INFO - 2023-08-05 03:11:07 --> Session: Class initialized using 'CodeIgniter\Session\Handlers\FileHandler' driver.
INFO - 2023-08-05 03:11:16 --> Session: Class initialized using 'CodeIgniter\Session\Handlers\FileHandler' driver.
INFO - 2023-08-05 03:11:18 --> Session: Class initialized using 'CodeIgniter\Session\Handlers\FileHandler' driver.
INFO - 2023-08-05 03:11:31 --> Session: Class initialized using 'CodeIgniter\Session\Handlers\FileHandler' driver.
CRITICAL - 2023-08-05 03:11:31 --> "paging" is not a valid Pager template.
in SYSTEMPATH\Pager\Pager.php on line 120.
 1 SYSTEMPATH\Pager\Pager.php(120): CodeIgniter\Pager\Exceptions\PagerException::forInvalidTemplate('paging')
 2 SYSTEMPATH\Pager\Pager.php(83): CodeIgniter\Pager\Pager->displayLinks('hal', 'paging')
 3 APPPATH\Views\frontend\berita_foto.php(48): CodeIgniter\Pager\Pager->links('hal', 'paging')
 4 SYSTEMPATH\View\View.php(224): include('C:\\xampp\\htdocs\\prokopim_berau2\\app\\Views\\frontend\\berita_foto.php')
 5 SYSTEMPATH\View\View.php(227): CodeIgniter\View\View->CodeIgniter\View\{closure}()
 6 SYSTEMPATH\Common.php(1176): CodeIgniter\View\View->render('frontend/berita_foto', [], true)
 7 APPPATH\Controllers\Berita_foto.php(102): view('frontend/berita_foto', [...])
 8 SYSTEMPATH\CodeIgniter.php(932): App\Controllers\Berita_foto->index()
 9 SYSTEMPATH\CodeIgniter.php(497): CodeIgniter\CodeIgniter->runController(Object(App\Controllers\Berita_foto))
10 SYSTEMPATH\CodeIgniter.php(366): CodeIgniter\CodeIgniter->handleRequest(null, Object(Config\Cache), false)
11 FCPATH\index.php(67): CodeIgniter\CodeIgniter->run()
12 SYSTEMPATH\Commands\Server\rewrite.php(47): require_once('C:\\xampp\\htdocs\\prokopim_berau2\\public\\index.php')
INFO - 2023-08-05 03:14:30 --> Session: Class initialized using 'CodeIgniter\Session\Handlers\FileHandler' driver.
INFO - 2023-08-05 03:14:47 --> Session: Class initialized using 'CodeIgniter\Session\Handlers\FileHandler' driver.
INFO - 2023-08-05 03:14:53 --> Session: Class initialized using 'CodeIgniter\Session\Handlers\FileHandler' driver.
INFO - 2023-08-05 03:14:59 --> Session: Class initialized using 'CodeIgniter\Session\Handlers\FileHandler' driver.
INFO - 2023-08-05 03:14:59 --> Session: Class initialized using 'CodeIgniter\Session\Handlers\FileHandler' driver.
INFO - 2023-08-05 03:14:59 --> Session: Class initialized using 'CodeIgniter\Session\Handlers\FileHandler' driver.
INFO - 2023-08-05 03:15:00 --> Session: Class initialized using 'CodeIgniter\Session\Handlers\FileHandler' driver.
INFO - 2023-08-05 03:15:00 --> Session: Class initialized using 'CodeIgniter\Session\Handlers\FileHandler' driver.
INFO - 2023-08-05 03:15:01 --> Session: Class initialized using 'CodeIgniter\Session\Handlers\FileHandler' driver.
INFO - 2023-08-05 03:15:01 --> Session: Class initialized using 'CodeIgniter\Session\Handlers\FileHandler' driver.
INFO - 2023-08-05 03:15:01 --> Session: Class initialized using 'CodeIgniter\Session\Handlers\FileHandler' driver.
INFO - 2023-08-05 03:15:01 --> Session: Class initialized using 'CodeIgniter\Session\Handlers\FileHandler' driver.
INFO - 2023-08-05 03:15:01 --> Session: Class initialized using 'CodeIgniter\Session\Handlers\FileHandler' driver.
INFO - 2023-08-05 03:15:01 --> Session: Class initialized using 'CodeIgniter\Session\Handlers\FileHandler' driver.
INFO - 2023-08-05 03:16:03 --> Session: Class initialized using 'CodeIgniter\Session\Handlers\FileHandler' driver.
INFO - 2023-08-05 03:16:06 --> Session: Class initialized using 'CodeIgniter\Session\Handlers\FileHandler' driver.
INFO - 2023-08-05 03:16:06 --> Session: Class initialized using 'CodeIgniter\Session\Handlers\FileHandler' driver.
INFO - 2023-08-05 03:18:31 --> Session: Class initialized using 'CodeIgniter\Session\Handlers\FileHandler' driver.
INFO - 2023-08-05 03:18:32 --> Session: Class initialized using 'CodeIgniter\Session\Handlers\FileHandler' driver.
INFO - 2023-08-05 03:18:32 --> Session: Class initialized using 'CodeIgniter\Session\Handlers\FileHandler' driver.
INFO - 2023-08-05 03:18:32 --> Session: Class initialized using 'CodeIgniter\Session\Handlers\FileHandler' driver.
INFO - 2023-08-05 03:18:32 --> Session: Class initialized using 'CodeIgniter\Session\Handlers\FileHandler' driver.
INFO - 2023-08-05 03:18:32 --> Session: Class initialized using 'CodeIgniter\Session\Handlers\FileHandler' driver.
INFO - 2023-08-05 03:18:33 --> Session: Class initialized using 'CodeIgniter\Session\Handlers\FileHandler' driver.
INFO - 2023-08-05 03:18:33 --> Session: Class initialized using 'CodeIgniter\Session\Handlers\FileHandler' driver.
INFO - 2023-08-05 03:18:33 --> Session: Class initialized using 'CodeIgniter\Session\Handlers\FileHandler' driver.
INFO - 2023-08-05 03:18:33 --> Session: Class initialized using 'CodeIgniter\Session\Handlers\FileHandler' driver.
INFO - 2023-08-05 03:18:33 --> Session: Class initialized using 'CodeIgniter\Session\Handlers\FileHandler' driver.
INFO - 2023-08-05 03:18:38 --> Session: Class initialized using 'CodeIgniter\Session\Handlers\FileHandler' driver.
INFO - 2023-08-05 03:18:39 --> Session: Class initialized using 'CodeIgniter\Session\Handlers\FileHandler' driver.
INFO - 2023-08-05 03:18:40 --> Session: Class initialized using 'CodeIgniter\Session\Handlers\FileHandler' driver.
INFO - 2023-08-05 03:18:40 --> Session: Class initialized using 'CodeIgniter\Session\Handlers\FileHandler' driver.
INFO - 2023-08-05 03:18:40 --> Session: Class initialized using 'CodeIgniter\Session\Handlers\FileHandler' driver.
INFO - 2023-08-05 03:18:41 --> Session: Class initialized using 'CodeIgniter\Session\Handlers\FileHandler' driver.
INFO - 2023-08-05 03:18:41 --> Session: Class initialized using 'CodeIgniter\Session\Handlers\FileHandler' driver.
INFO - 2023-08-05 03:18:41 --> Session: Class initialized using 'CodeIgniter\Session\Handlers\FileHandler' driver.
INFO - 2023-08-05 03:18:42 --> Session: Class initialized using 'CodeIgniter\Session\Handlers\FileHandler' driver.
INFO - 2023-08-05 03:18:42 --> Session: Class initialized using 'CodeIgniter\Session\Handlers\FileHandler' driver.
INFO - 2023-08-05 03:18:42 --> Session: Class initialized using 'CodeIgniter\Session\Handlers\FileHandler' driver.
INFO - 2023-08-05 03:18:48 --> Session: Class initialized using 'CodeIgniter\Session\Handlers\FileHandler' driver.
INFO - 2023-08-05 03:18:53 --> Session: Class initialized using 'CodeIgniter\Session\Handlers\FileHandler' driver.
INFO - 2023-08-05 03:18:53 --> Session: Class initialized using 'CodeIgniter\Session\Handlers\FileHandler' driver.
CRITICAL - 2023-08-05 03:18:54 --> Trying to get property 'download_id' of non-object
in APPPATH\Controllers\Download.php on line 85.
 1 APPPATH\Controllers\Download.php(85): CodeIgniter\Debug\Exceptions->errorHandler(8, 'Trying to get property \'download_id\' of non-object', 'C:\\xampp\\htdocs\\prokopim_berau2\\app\\Controllers\\Download.php', 85, [...])
 2 SYSTEMPATH\CodeIgniter.php(932): App\Controllers\Download->index('upload', 'news-posts', 'listw3.jpg')
 3 SYSTEMPATH\CodeIgniter.php(497): CodeIgniter\CodeIgniter->runController(Object(App\Controllers\Download))
 4 SYSTEMPATH\CodeIgniter.php(366): CodeIgniter\CodeIgniter->handleRequest(null, Object(Config\Cache), false)
 5 FCPATH\index.php(67): CodeIgniter\CodeIgniter->run()
 6 SYSTEMPATH\Commands\Server\rewrite.php(47): require_once('C:\\xampp\\htdocs\\prokopim_berau2\\public\\index.php')
INFO - 2023-08-05 03:18:54 --> Session: Class initialized using 'CodeIgniter\Session\Handlers\FileHandler' driver.
CRITICAL - 2023-08-05 03:18:54 --> Trying to get property 'download_id' of non-object
in APPPATH\Controllers\Download.php on line 85.
 1 APPPATH\Controllers\Download.php(85): CodeIgniter\Debug\Exceptions->errorHandler(8, 'Trying to get property \'download_id\' of non-object', 'C:\\xampp\\htdocs\\prokopim_berau2\\app\\Controllers\\Download.php', 85, [...])
 2 SYSTEMPATH\CodeIgniter.php(932): App\Controllers\Download->index('upload', 'news-posts', 'listw4.jpg')
 3 SYSTEMPATH\CodeIgniter.php(497): CodeIgniter\CodeIgniter->runController(Object(App\Controllers\Download))
 4 SYSTEMPATH\CodeIgniter.php(366): CodeIgniter\CodeIgniter->handleRequest(null, Object(Config\Cache), false)
 5 FCPATH\index.php(67): CodeIgniter\CodeIgniter->run()
 6 SYSTEMPATH\Commands\Server\rewrite.php(47): require_once('C:\\xampp\\htdocs\\prokopim_berau2\\public\\index.php')
INFO - 2023-08-05 03:18:54 --> Session: Class initialized using 'CodeIgniter\Session\Handlers\FileHandler' driver.
CRITICAL - 2023-08-05 03:18:54 --> Trying to get property 'download_id' of non-object
in APPPATH\Controllers\Download.php on line 85.
 1 APPPATH\Controllers\Download.php(85): CodeIgniter\Debug\Exceptions->errorHandler(8, 'Trying to get property \'download_id\' of non-object', 'C:\\xampp\\htdocs\\prokopim_berau2\\app\\Controllers\\Download.php', 85, [...])
 2 SYSTEMPATH\CodeIgniter.php(932): App\Controllers\Download->index('upload', 'news-posts', 'listw5.jpg')
 3 SYSTEMPATH\CodeIgniter.php(497): CodeIgniter\CodeIgniter->runController(Object(App\Controllers\Download))
 4 SYSTEMPATH\CodeIgniter.php(366): CodeIgniter\CodeIgniter->handleRequest(null, Object(Config\Cache), false)
 5 FCPATH\index.php(67): CodeIgniter\CodeIgniter->run()
 6 SYSTEMPATH\Commands\Server\rewrite.php(47): require_once('C:\\xampp\\htdocs\\prokopim_berau2\\public\\index.php')
INFO - 2023-08-05 03:18:54 --> Session: Class initialized using 'CodeIgniter\Session\Handlers\FileHandler' driver.
CRITICAL - 2023-08-05 03:18:54 --> Trying to get property 'download_id' of non-object
in APPPATH\Controllers\Download.php on line 85.
 1 APPPATH\Controllers\Download.php(85): CodeIgniter\Debug\Exceptions->errorHandler(8, 'Trying to get property \'download_id\' of non-object', 'C:\\xampp\\htdocs\\prokopim_berau2\\app\\Controllers\\Download.php', 85, [...])
 2 SYSTEMPATH\CodeIgniter.php(932): App\Controllers\Download->index('upload', 'news-posts', 'listw1.jpg')
 3 SYSTEMPATH\CodeIgniter.php(497): CodeIgniter\CodeIgniter->runController(Object(App\Controllers\Download))
 4 SYSTEMPATH\CodeIgniter.php(366): CodeIgniter\CodeIgniter->handleRequest(null, Object(Config\Cache), false)
 5 FCPATH\index.php(67): CodeIgniter\CodeIgniter->run()
 6 SYSTEMPATH\Commands\Server\rewrite.php(47): require_once('C:\\xampp\\htdocs\\prokopim_berau2\\public\\index.php')
INFO - 2023-08-05 03:18:55 --> Session: Class initialized using 'CodeIgniter\Session\Handlers\FileHandler' driver.
CRITICAL - 2023-08-05 03:18:55 --> Trying to get property 'download_id' of non-object
in APPPATH\Controllers\Download.php on line 85.
 1 APPPATH\Controllers\Download.php(85): CodeIgniter\Debug\Exceptions->errorHandler(8, 'Trying to get property \'download_id\' of non-object', 'C:\\xampp\\htdocs\\prokopim_berau2\\app\\Controllers\\Download.php', 85, [...])
 2 SYSTEMPATH\CodeIgniter.php(932): App\Controllers\Download->index('upload', 'news-posts', 'listw2.jpg')
 3 SYSTEMPATH\CodeIgniter.php(497): CodeIgniter\CodeIgniter->runController(Object(App\Controllers\Download))
 4 SYSTEMPATH\CodeIgniter.php(366): CodeIgniter\CodeIgniter->handleRequest(null, Object(Config\Cache), false)
 5 FCPATH\index.php(67): CodeIgniter\CodeIgniter->run()
 6 SYSTEMPATH\Commands\Server\rewrite.php(47): require_once('C:\\xampp\\htdocs\\prokopim_berau2\\public\\index.php')
INFO - 2023-08-05 03:18:55 --> Session: Class initialized using 'CodeIgniter\Session\Handlers\FileHandler' driver.
CRITICAL - 2023-08-05 03:18:55 --> Trying to get property 'download_id' of non-object
in APPPATH\Controllers\Download.php on line 85.
 1 APPPATH\Controllers\Download.php(85): CodeIgniter\Debug\Exceptions->errorHandler(8, 'Trying to get property \'download_id\' of non-object', 'C:\\xampp\\htdocs\\prokopim_berau2\\app\\Controllers\\Download.php', 85, [...])
 2 SYSTEMPATH\CodeIgniter.php(932): App\Controllers\Download->index('upload', 'news-posts', 'listw3@2x.jpg')
 3 SYSTEMPATH\CodeIgniter.php(497): CodeIgniter\CodeIgniter->runController(Object(App\Controllers\Download))
 4 SYSTEMPATH\CodeIgniter.php(366): CodeIgniter\CodeIgniter->handleRequest(null, Object(Config\Cache), false)
 5 FCPATH\index.php(67): CodeIgniter\CodeIgniter->run()
 6 SYSTEMPATH\Commands\Server\rewrite.php(47): require_once('C:\\xampp\\htdocs\\prokopim_berau2\\public\\index.php')
INFO - 2023-08-05 03:18:55 --> Session: Class initialized using 'CodeIgniter\Session\Handlers\FileHandler' driver.
CRITICAL - 2023-08-05 03:18:55 --> Trying to get property 'download_id' of non-object
in APPPATH\Controllers\Download.php on line 85.
 1 APPPATH\Controllers\Download.php(85): CodeIgniter\Debug\Exceptions->errorHandler(8, 'Trying to get property \'download_id\' of non-object', 'C:\\xampp\\htdocs\\prokopim_berau2\\app\\Controllers\\Download.php', 85, [...])
 2 SYSTEMPATH\CodeIgniter.php(932): App\Controllers\Download->index('upload', 'news-posts', 'listw4@2x.jpg')
 3 SYSTEMPATH\CodeIgniter.php(497): CodeIgniter\CodeIgniter->runController(Object(App\Controllers\Download))
 4 SYSTEMPATH\CodeIgniter.php(366): CodeIgniter\CodeIgniter->handleRequest(null, Object(Config\Cache), false)
 5 FCPATH\index.php(67): CodeIgniter\CodeIgniter->run()
 6 SYSTEMPATH\Commands\Server\rewrite.php(47): require_once('C:\\xampp\\htdocs\\prokopim_berau2\\public\\index.php')
INFO - 2023-08-05 03:18:55 --> Session: Class initialized using 'CodeIgniter\Session\Handlers\FileHandler' driver.
CRITICAL - 2023-08-05 03:18:55 --> Trying to get property 'download_id' of non-object
in APPPATH\Controllers\Download.php on line 85.
 1 APPPATH\Controllers\Download.php(85): CodeIgniter\Debug\Exceptions->errorHandler(8, 'Trying to get property \'download_id\' of non-object', 'C:\\xampp\\htdocs\\prokopim_berau2\\app\\Controllers\\Download.php', 85, [...])
 2 SYSTEMPATH\CodeIgniter.php(932): App\Controllers\Download->index('upload', 'news-posts', 'listw5@2x.jpg')
 3 SYSTEMPATH\CodeIgniter.php(497): CodeIgniter\CodeIgniter->runController(Object(App\Controllers\Download))
 4 SYSTEMPATH\CodeIgniter.php(366): CodeIgniter\CodeIgniter->handleRequest(null, Object(Config\Cache), false)
 5 FCPATH\index.php(67): CodeIgniter\CodeIgniter->run()
 6 SYSTEMPATH\Commands\Server\rewrite.php(47): require_once('C:\\xampp\\htdocs\\prokopim_berau2\\public\\index.php')
INFO - 2023-08-05 03:18:55 --> Session: Class initialized using 'CodeIgniter\Session\Handlers\FileHandler' driver.
CRITICAL - 2023-08-05 03:18:56 --> Trying to get property 'download_id' of non-object
in APPPATH\Controllers\Download.php on line 85.
 1 APPPATH\Controllers\Download.php(85): CodeIgniter\Debug\Exceptions->errorHandler(8, 'Trying to get property \'download_id\' of non-object', 'C:\\xampp\\htdocs\\prokopim_berau2\\app\\Controllers\\Download.php', 85, [...])
 2 SYSTEMPATH\CodeIgniter.php(932): App\Controllers\Download->index('upload', 'news-posts', 'listw1@2x.jpg')
 3 SYSTEMPATH\CodeIgniter.php(497): CodeIgniter\CodeIgniter->runController(Object(App\Controllers\Download))
 4 SYSTEMPATH\CodeIgniter.php(366): CodeIgniter\CodeIgniter->handleRequest(null, Object(Config\Cache), false)
 5 FCPATH\index.php(67): CodeIgniter\CodeIgniter->run()
 6 SYSTEMPATH\Commands\Server\rewrite.php(47): require_once('C:\\xampp\\htdocs\\prokopim_berau2\\public\\index.php')
INFO - 2023-08-05 03:18:56 --> Session: Class initialized using 'CodeIgniter\Session\Handlers\FileHandler' driver.
CRITICAL - 2023-08-05 03:18:56 --> Trying to get property 'download_id' of non-object
in APPPATH\Controllers\Download.php on line 85.
 1 APPPATH\Controllers\Download.php(85): CodeIgniter\Debug\Exceptions->errorHandler(8, 'Trying to get property \'download_id\' of non-object', 'C:\\xampp\\htdocs\\prokopim_berau2\\app\\Controllers\\Download.php', 85, [...])
 2 SYSTEMPATH\CodeIgniter.php(932): App\Controllers\Download->index('upload', 'news-posts', 'listw2@2x.jpg')
 3 SYSTEMPATH\CodeIgniter.php(497): CodeIgniter\CodeIgniter->runController(Object(App\Controllers\Download))
 4 SYSTEMPATH\CodeIgniter.php(366): CodeIgniter\CodeIgniter->handleRequest(null, Object(Config\Cache), false)
 5 FCPATH\index.php(67): CodeIgniter\CodeIgniter->run()
 6 SYSTEMPATH\Commands\Server\rewrite.php(47): require_once('C:\\xampp\\htdocs\\prokopim_berau2\\public\\index.php')
INFO - 2023-08-05 03:18:57 --> Session: Class initialized using 'CodeIgniter\Session\Handlers\FileHandler' driver.
INFO - 2023-08-05 03:19:02 --> Session: Class initialized using 'CodeIgniter\Session\Handlers\FileHandler' driver.
INFO - 2023-08-05 03:19:02 --> Session: Class initialized using 'CodeIgniter\Session\Handlers\FileHandler' driver.
CRITICAL - 2023-08-05 03:19:03 --> Trying to get property 'kategori_id' of non-object
in APPPATH\Controllers\Pidato.php on line 83.
 1 APPPATH\Controllers\Pidato.php(83): CodeIgniter\Debug\Exceptions->errorHandler(8, 'Trying to get property \'kategori_id\' of non-object', 'C:\\xampp\\htdocs\\prokopim_berau2\\app\\Controllers\\Pidato.php', 83, [...])
 2 SYSTEMPATH\CodeIgniter.php(932): App\Controllers\Pidato->index('upload', 'news-posts', 'listw3.jpg')
 3 SYSTEMPATH\CodeIgniter.php(497): CodeIgniter\CodeIgniter->runController(Object(App\Controllers\Pidato))
 4 SYSTEMPATH\CodeIgniter.php(366): CodeIgniter\CodeIgniter->handleRequest(null, Object(Config\Cache), false)
 5 FCPATH\index.php(67): CodeIgniter\CodeIgniter->run()
 6 SYSTEMPATH\Commands\Server\rewrite.php(47): require_once('C:\\xampp\\htdocs\\prokopim_berau2\\public\\index.php')
INFO - 2023-08-05 03:19:03 --> Session: Class initialized using 'CodeIgniter\Session\Handlers\FileHandler' driver.
CRITICAL - 2023-08-05 03:19:04 --> Trying to get property 'kategori_id' of non-object
in APPPATH\Controllers\Pidato.php on line 83.
 1 APPPATH\Controllers\Pidato.php(83): CodeIgniter\Debug\Exceptions->errorHandler(8, 'Trying to get property \'kategori_id\' of non-object', 'C:\\xampp\\htdocs\\prokopim_berau2\\app\\Controllers\\Pidato.php', 83, [...])
 2 SYSTEMPATH\CodeIgniter.php(932): App\Controllers\Pidato->index('upload', 'news-posts', 'listw4.jpg')
 3 SYSTEMPATH\CodeIgniter.php(497): CodeIgniter\CodeIgniter->runController(Object(App\Controllers\Pidato))
 4 SYSTEMPATH\CodeIgniter.php(366): CodeIgniter\CodeIgniter->handleRequest(null, Object(Config\Cache), false)
 5 FCPATH\index.php(67): CodeIgniter\CodeIgniter->run()
 6 SYSTEMPATH\Commands\Server\rewrite.php(47): require_once('C:\\xampp\\htdocs\\prokopim_berau2\\public\\index.php')
INFO - 2023-08-05 03:19:04 --> Session: Class initialized using 'CodeIgniter\Session\Handlers\FileHandler' driver.
CRITICAL - 2023-08-05 03:19:04 --> Trying to get property 'kategori_id' of non-object
in APPPATH\Controllers\Pidato.php on line 83.
 1 APPPATH\Controllers\Pidato.php(83): CodeIgniter\Debug\Exceptions->errorHandler(8, 'Trying to get property \'kategori_id\' of non-object', 'C:\\xampp\\htdocs\\prokopim_berau2\\app\\Controllers\\Pidato.php', 83, [...])
 2 SYSTEMPATH\CodeIgniter.php(932): App\Controllers\Pidato->index('upload', 'news-posts', 'listw5.jpg')
 3 SYSTEMPATH\CodeIgniter.php(497): CodeIgniter\CodeIgniter->runController(Object(App\Controllers\Pidato))
 4 SYSTEMPATH\CodeIgniter.php(366): CodeIgniter\CodeIgniter->handleRequest(null, Object(Config\Cache), false)
 5 FCPATH\index.php(67): CodeIgniter\CodeIgniter->run()
 6 SYSTEMPATH\Commands\Server\rewrite.php(47): require_once('C:\\xampp\\htdocs\\prokopim_berau2\\public\\index.php')
INFO - 2023-08-05 03:19:04 --> Session: Class initialized using 'CodeIgniter\Session\Handlers\FileHandler' driver.
CRITICAL - 2023-08-05 03:19:04 --> Trying to get property 'kategori_id' of non-object
in APPPATH\Controllers\Pidato.php on line 83.
 1 APPPATH\Controllers\Pidato.php(83): CodeIgniter\Debug\Exceptions->errorHandler(8, 'Trying to get property \'kategori_id\' of non-object', 'C:\\xampp\\htdocs\\prokopim_berau2\\app\\Controllers\\Pidato.php', 83, [...])
 2 SYSTEMPATH\CodeIgniter.php(932): App\Controllers\Pidato->index('upload', 'news-posts', 'listw1.jpg')
 3 SYSTEMPATH\CodeIgniter.php(497): CodeIgniter\CodeIgniter->runController(Object(App\Controllers\Pidato))
 4 SYSTEMPATH\CodeIgniter.php(366): CodeIgniter\CodeIgniter->handleRequest(null, Object(Config\Cache), false)
 5 FCPATH\index.php(67): CodeIgniter\CodeIgniter->run()
 6 SYSTEMPATH\Commands\Server\rewrite.php(47): require_once('C:\\xampp\\htdocs\\prokopim_berau2\\public\\index.php')
INFO - 2023-08-05 03:19:04 --> Session: Class initialized using 'CodeIgniter\Session\Handlers\FileHandler' driver.
CRITICAL - 2023-08-05 03:19:04 --> Trying to get property 'kategori_id' of non-object
in APPPATH\Controllers\Pidato.php on line 83.
 1 APPPATH\Controllers\Pidato.php(83): CodeIgniter\Debug\Exceptions->errorHandler(8, 'Trying to get property \'kategori_id\' of non-object', 'C:\\xampp\\htdocs\\prokopim_berau2\\app\\Controllers\\Pidato.php', 83, [...])
 2 SYSTEMPATH\CodeIgniter.php(932): App\Controllers\Pidato->index('upload', 'news-posts', 'listw2.jpg')
 3 SYSTEMPATH\CodeIgniter.php(497): CodeIgniter\CodeIgniter->runController(Object(App\Controllers\Pidato))
 4 SYSTEMPATH\CodeIgniter.php(366): CodeIgniter\CodeIgniter->handleRequest(null, Object(Config\Cache), false)
 5 FCPATH\index.php(67): CodeIgniter\CodeIgniter->run()
 6 SYSTEMPATH\Commands\Server\rewrite.php(47): require_once('C:\\xampp\\htdocs\\prokopim_berau2\\public\\index.php')
INFO - 2023-08-05 03:19:05 --> Session: Class initialized using 'CodeIgniter\Session\Handlers\FileHandler' driver.
CRITICAL - 2023-08-05 03:19:05 --> Trying to get property 'kategori_id' of non-object
in APPPATH\Controllers\Pidato.php on line 83.
 1 APPPATH\Controllers\Pidato.php(83): CodeIgniter\Debug\Exceptions->errorHandler(8, 'Trying to get property \'kategori_id\' of non-object', 'C:\\xampp\\htdocs\\prokopim_berau2\\app\\Controllers\\Pidato.php', 83, [...])
 2 SYSTEMPATH\CodeIgniter.php(932): App\Controllers\Pidato->index('upload', 'news-posts', 'listw3@2x.jpg')
 3 SYSTEMPATH\CodeIgniter.php(497): CodeIgniter\CodeIgniter->runController(Object(App\Controllers\Pidato))
 4 SYSTEMPATH\CodeIgniter.php(366): CodeIgniter\CodeIgniter->handleRequest(null, Object(Config\Cache), false)
 5 FCPATH\index.php(67): CodeIgniter\CodeIgniter->run()
 6 SYSTEMPATH\Commands\Server\rewrite.php(47): require_once('C:\\xampp\\htdocs\\prokopim_berau2\\public\\index.php')
INFO - 2023-08-05 03:19:05 --> Session: Class initialized using 'CodeIgniter\Session\Handlers\FileHandler' driver.
CRITICAL - 2023-08-05 03:19:05 --> Trying to get property 'kategori_id' of non-object
in APPPATH\Controllers\Pidato.php on line 83.
 1 APPPATH\Controllers\Pidato.php(83): CodeIgniter\Debug\Exceptions->errorHandler(8, 'Trying to get property \'kategori_id\' of non-object', 'C:\\xampp\\htdocs\\prokopim_berau2\\app\\Controllers\\Pidato.php', 83, [...])
 2 SYSTEMPATH\CodeIgniter.php(932): App\Controllers\Pidato->index('upload', 'news-posts', 'listw4@2x.jpg')
 3 SYSTEMPATH\CodeIgniter.php(497): CodeIgniter\CodeIgniter->runController(Object(App\Controllers\Pidato))
 4 SYSTEMPATH\CodeIgniter.php(366): CodeIgniter\CodeIgniter->handleRequest(null, Object(Config\Cache), false)
 5 FCPATH\index.php(67): CodeIgniter\CodeIgniter->run()
 6 SYSTEMPATH\Commands\Server\rewrite.php(47): require_once('C:\\xampp\\htdocs\\prokopim_berau2\\public\\index.php')
INFO - 2023-08-05 03:19:05 --> Session: Class initialized using 'CodeIgniter\Session\Handlers\FileHandler' driver.
CRITICAL - 2023-08-05 03:19:05 --> Trying to get property 'kategori_id' of non-object
in APPPATH\Controllers\Pidato.php on line 83.
 1 APPPATH\Controllers\Pidato.php(83): CodeIgniter\Debug\Exceptions->errorHandler(8, 'Trying to get property \'kategori_id\' of non-object', 'C:\\xampp\\htdocs\\prokopim_berau2\\app\\Controllers\\Pidato.php', 83, [...])
 2 SYSTEMPATH\CodeIgniter.php(932): App\Controllers\Pidato->index('upload', 'news-posts', 'listw5@2x.jpg')
 3 SYSTEMPATH\CodeIgniter.php(497): CodeIgniter\CodeIgniter->runController(Object(App\Controllers\Pidato))
 4 SYSTEMPATH\CodeIgniter.php(366): CodeIgniter\CodeIgniter->handleRequest(null, Object(Config\Cache), false)
 5 FCPATH\index.php(67): CodeIgniter\CodeIgniter->run()
 6 SYSTEMPATH\Commands\Server\rewrite.php(47): require_once('C:\\xampp\\htdocs\\prokopim_berau2\\public\\index.php')
INFO - 2023-08-05 03:19:05 --> Session: Class initialized using 'CodeIgniter\Session\Handlers\FileHandler' driver.
CRITICAL - 2023-08-05 03:19:05 --> Trying to get property 'kategori_id' of non-object
in APPPATH\Controllers\Pidato.php on line 83.
 1 APPPATH\Controllers\Pidato.php(83): CodeIgniter\Debug\Exceptions->errorHandler(8, 'Trying to get property \'kategori_id\' of non-object', 'C:\\xampp\\htdocs\\prokopim_berau2\\app\\Controllers\\Pidato.php', 83, [...])
 2 SYSTEMPATH\CodeIgniter.php(932): App\Controllers\Pidato->index('upload', 'news-posts', 'listw1@2x.jpg')
 3 SYSTEMPATH\CodeIgniter.php(497): CodeIgniter\CodeIgniter->runController(Object(App\Controllers\Pidato))
 4 SYSTEMPATH\CodeIgniter.php(366): CodeIgniter\CodeIgniter->handleRequest(null, Object(Config\Cache), false)
 5 FCPATH\index.php(67): CodeIgniter\CodeIgniter->run()
 6 SYSTEMPATH\Commands\Server\rewrite.php(47): require_once('C:\\xampp\\htdocs\\prokopim_berau2\\public\\index.php')
INFO - 2023-08-05 03:19:05 --> Session: Class initialized using 'CodeIgniter\Session\Handlers\FileHandler' driver.
CRITICAL - 2023-08-05 03:19:05 --> Trying to get property 'kategori_id' of non-object
in APPPATH\Controllers\Pidato.php on line 83.
 1 APPPATH\Controllers\Pidato.php(83): CodeIgniter\Debug\Exceptions->errorHandler(8, 'Trying to get property \'kategori_id\' of non-object', 'C:\\xampp\\htdocs\\prokopim_berau2\\app\\Controllers\\Pidato.php', 83, [...])
 2 SYSTEMPATH\CodeIgniter.php(932): App\Controllers\Pidato->index('upload', 'news-posts', 'listw2@2x.jpg')
 3 SYSTEMPATH\CodeIgniter.php(497): CodeIgniter\CodeIgniter->runController(Object(App\Controllers\Pidato))
 4 SYSTEMPATH\CodeIgniter.php(366): CodeIgniter\CodeIgniter->handleRequest(null, Object(Config\Cache), false)
 5 FCPATH\index.php(67): CodeIgniter\CodeIgniter->run()
 6 SYSTEMPATH\Commands\Server\rewrite.php(47): require_once('C:\\xampp\\htdocs\\prokopim_berau2\\public\\index.php')
